==378758== Memcheck, a memory error detector
==378758== Copyright (C) 2002-2024, and GNU GPL'd, by Julian Seward et al.
==378758== Using Valgrind-3.25.0 and LibVEX; rerun with -h for copyright info
==378758== Command: ./ex8
==378758== 
The size of an int: 4
The size of areas (int[]): 20
The number of ints in areas: 5
The first area is 76220085, the 2nd 12.
The size of a char: 1
The size of name (char[]): 4
The number of chars: 4
The size of full_name (char[]): 11
The number of chars: 11
name="Zed" and full_name="Zed A. Shaw"
==378758== 
==378758== HEAP SUMMARY:
==378758==     in use at exit: 0 bytes in 0 blocks
==378758==   total heap usage: 1 allocs, 1 frees, 4,096 bytes allocated
==378758== 
==378758== All heap blocks were freed -- no leaks are possible
==378758== 
==378758== For lists of detected and suppressed errors, rerun with: -s
==378758== ERROR SUMMARY: 0 errors from 0 contexts (suppressed: 0 from 0)
